2022-11-03 10:27:06.836  WARN 21260 --- [HikariPool-1 housekeeper] com.zaxxer.hikari.pool.HikariPool        : HikariPool-1 - Thread starvation or clock leap detected (housekeeper delta=16h26m20s762ms990Вµs800ns).
2022-11-03 10:27:36.557 ERROR 21260 --- [MQTT Ping: ValidationGRZ] o.e.p.c.mqttv3.internal.ClientState      : ValidationGRZ: Timed out as no write activity, keepAlive=60В 000В 000В 000 lastOutboundActivity=21В 545В 030В 078В 300 lastInboundActivity=21В 545В 078В 534В 500 time=80В 755В 792В 921В 100 lastPing=21В 545В 030В 083В 100
2022-11-03 11:06:39.282  INFO 21260 --- [SpringApplicationShutdownHook] j.LocalContainerEntityManagerFactoryBean : Closing JPA EntityManagerFactory for persistence unit 'default'
2022-11-03 11:06:39.288  INFO 21260 --- [SpringApplicationShutdownHook] com.zaxxer.hikari.HikariDataSource       : HikariPool-1 - Shutdown initiated...
2022-11-03 11:06:39.447  INFO 21260 --- [SpringApplicationShutdownHook] com.zaxxer.hikari.HikariDataSource       : HikariPool-1 - Shutdown completed.
2022-11-03 11:06:41.607  INFO 24600 --- [main] r.a.V.ValidationGRZApplication           : Starting ValidationGRZApplication using Java 17.0.5 on DESKTOP-G2NTFAQ with PID 24600 (C:\Users\Sergey\Desktop\JAVA\ValidationGRZ\target\classes started by Sergey in C:\Users\Sergey\Desktop\JAVA\ValidationGRZ)
2022-11-03 11:06:41.608  INFO 24600 --- [main] r.a.V.ValidationGRZApplication           : No active profile set, falling back to 1 default profile: "default"
2022-11-03 11:06:41.891  INFO 24600 --- [main] .s.d.r.c.RepositoryConfigurationDelegate : Bootstrapping Spring Data JPA repositories in DEFAULT mode.
2022-11-03 11:06:41.902  INFO 24600 --- [main] .s.d.r.c.RepositoryConfigurationDelegate : Finished Spring Data repository scanning in 5 ms. Found 0 JPA repository interfaces.
2022-11-03 11:06:42.094  INFO 24600 --- [main] com.zaxxer.hikari.HikariDataSource       : HikariPool-1 - Starting...
2022-11-03 11:06:43.273  INFO 24600 --- [main] com.zaxxer.hikari.HikariDataSource       : HikariPool-1 - Start completed.
2022-11-03 11:06:43.312  INFO 24600 --- [main] o.hibernate.jpa.internal.util.LogHelper  : HHH000204: Processing PersistenceUnitInfo [name: default]
2022-11-03 11:06:43.364  INFO 24600 --- [main] org.hibernate.Version                    : HHH000412: Hibernate ORM core version 5.6.11.Final
2022-11-03 11:06:43.499  INFO 24600 --- [main] o.hibernate.annotations.common.Version   : HCANN000001: Hibernate Commons Annotations {5.1.2.Final}
2022-11-03 11:06:43.593  INFO 24600 --- [main] org.hibernate.dialect.Dialect            : HHH000400: Using dialect: org.hibernate.dialect.FirebirdDialect
2022-11-03 11:06:43.987  INFO 24600 --- [main] o.h.e.t.j.p.i.JtaPlatformInitiator       : HHH000490: Using JtaPlatform implementation: [org.hibernate.engine.transaction.jta.platform.internal.NoJtaPlatform]
2022-11-03 11:06:43.993  INFO 24600 --- [main] j.LocalContainerEntityManagerFactoryBean : Initialized JPA EntityManagerFactory for persistence unit 'default'
2022-11-03 11:06:44.201  INFO 24600 --- [main] r.a.V.ValidationGRZApplication           : Started ValidationGRZApplication in 2.854 seconds (JVM running for 3.26)
2022-11-03 11:06:44.237  INFO 24600 --- [main] r.a.V.mqtt.BaseMqttClient                : РџРѕРїС‹С‚РєР° РїРѕРґРєР»СЋС‡РµРЅРёСЏ РєР»РёРµРЅС‚Р°. ID = ValidationGRZ URL = 194.87.237.67:1883
2022-11-03 11:06:44.710  INFO 24600 --- [main] r.a.V.mqtt.BaseMqttClient                : РЈСЃРїРµС€РЅРѕРµ РїРѕРєР»СЋС‡РµРЅРёРµ РєР»РёРµРЅС‚Р° - ValidationGRZ
2022-11-03 11:06:44.710  INFO 24600 --- [main] r.a.V.mqtt.BaseMqttClient                : РџРѕРїС‹С‚РєР° РїРѕРґРїРёСЃРєРё РЅР° С‚РѕРїРёРє. РўРћРџРРљ: Parking/IntegratorCVS
2022-11-03 11:06:44.737  INFO 24600 --- [main] r.a.V.mqtt.BaseMqttClient                : РџРѕРґРїРёСЃРєР° РЅР° С‚РѕРїРёРє Parking/IntegratorCVS РїСЂРѕРёР·РѕС€Р»Р° СѓСЃРїРµС€РЅРѕ.
2022-11-03 11:07:55.349  INFO 24600 --- [MQTT Call: ValidationGRZ] r.a.V.mqtt.BaseMqttClient                : РџРѕР»СѓС‡РµРЅРѕ СЃРѕРѕР±С‰РµРЅРёРµ РѕС‚ С‚РѕРїРёРєР°. РўРћРџРРљ "Parking/IntegratorCVS" РЎРћРћР‘Р©Р•РќРР•: ""
2022-11-03 11:07:55.351 ERROR 24600 --- [MQTT Call: ValidationGRZ] r.a.V.mqtt.BaseMqttClient                : РћС€РёР±РєР°: No content to map due to end-of-input
 at [Source: (String)""; line: 1, column: 0]
2022-11-03 11:08:22.467  INFO 24600 --- [MQTT Call: ValidationGRZ] r.a.V.mqtt.BaseMqttClient                : РџРѕР»СѓС‡РµРЅРѕ СЃРѕРѕР±С‰РµРЅРёРµ РѕС‚ С‚РѕРїРёРєР°. РўРћРџРРљ "Parking/IntegratorCVS" РЎРћРћР‘Р©Р•РќРР•: "{"camNumber":23,"grz":"12345678"}"
2022-11-03 11:08:22.473  INFO 24600 --- [MQTT Call: ValidationGRZ] r.a.V.mqtt.BaseMqttClient                : Р’С‹РїРѕР»РЅСЏРµС‚СЃСЏ РІР°Р»РёРґР°С†РёСЏ Р“Р Р—.
2022-11-03 11:08:22.504  INFO 24600 --- [MQTT Call: ValidationGRZ] r.a.V.validate.Validates                 : Р’Р°Р»РёРґР°С†РёСЏ РїСЂРѕС€Р»Р° СѓСЃРїРµС€РЅРѕ.
2022-11-03 11:08:22.504  INFO 24600 --- [MQTT Call: ValidationGRZ] r.a.V.mqtt.BaseMqttClient                : Р’С‹РїРѕР»РЅРµРЅРёРµ РїСЂРѕС†РµРґСѓСЂС‹...
2022-11-03 11:08:22.752  INFO 24600 --- [MQTT Call: ValidationGRZ] r.a.V.mqtt.BaseMqttClient                : РџРѕР»СѓС‡РµРЅС‹ Р°СЂРіСѓРјРµРЅС‚С‹: EVENT_TYPE = 46 ID_PEP = null
2022-11-03 11:08:22.855  INFO 24600 --- [MQTT Call: ValidationGRZ] r.a.V.mqtt.BaseMqttClient                : РЎРѕРѕР±С‰РµРЅРёРµ: "РќРµРёР·РІРµСЃС‚РЅР°СЏ РєР°СЂС‚РѕС‡РєР°." СѓСЃРїРµС€РЅРѕ РѕС‚РїСЂР°РІР»РµРЅРѕ. Parking/Validation/Result/EventType/46
2022-11-03 11:08:22.856  INFO 24600 --- [MQTT Call: ValidationGRZ] r.a.V.mqtt.BaseMqttClient                : РЎРѕРѕР±С‰РµРЅРёРµ: "{"camNumber":23,"messages":[{"x":0,"y":0,"color":1,"text":"12345678"},{"x":9,"y":0,"color":2,"text":"46"}]}" СѓСЃРїРµС€РЅРѕ РѕС‚РїСЂР°РІР»РµРЅРѕ. РќР° С‚РѕРїРёРє Parking/MonitorDoor/Monitor/View/
2022-11-03 11:09:45.983  INFO 24600 --- [SpringApplicationShutdownHook] j.LocalContainerEntityManagerFactoryBean : Closing JPA EntityManagerFactory for persistence unit 'default'
2022-11-03 11:09:45.984  INFO 24600 --- [SpringApplicationShutdownHook] com.zaxxer.hikari.HikariDataSource       : HikariPool-1 - Shutdown initiated...
2022-11-03 11:09:46.181  INFO 24600 --- [SpringApplicationShutdownHook] com.zaxxer.hikari.HikariDataSource       : HikariPool-1 - Shutdown completed.
2022-11-03 11:50:12.401  INFO 25456 --- [main] .V.ValidationGrzModuleV3ApplicationTests : Starting ValidationGrzModuleV3ApplicationTests using Java 17.0.5 on DESKTOP-G2NTFAQ with PID 25456 (started by Sergey in C:\Users\Sergey\Desktop\JAVA\ValidationGRZ)
2022-11-03 11:50:12.406  INFO 25456 --- [main] .V.ValidationGrzModuleV3ApplicationTests : No active profile set, falling back to 1 default profile: "default"
2022-11-03 11:50:12.757  INFO 25456 --- [main] .s.d.r.c.RepositoryConfigurationDelegate : Bootstrapping Spring Data JPA repositories in DEFAULT mode.
2022-11-03 11:50:12.771  INFO 25456 --- [main] .s.d.r.c.RepositoryConfigurationDelegate : Finished Spring Data repository scanning in 8 ms. Found 0 JPA repository interfaces.
2022-11-03 11:50:13.126  INFO 25456 --- [main] com.zaxxer.hikari.HikariDataSource       : HikariPool-1 - Starting...
2022-11-03 11:50:14.354  INFO 25456 --- [main] com.zaxxer.hikari.HikariDataSource       : HikariPool-1 - Start completed.
2022-11-03 11:50:14.408  INFO 25456 --- [main] o.hibernate.jpa.internal.util.LogHelper  : HHH000204: Processing PersistenceUnitInfo [name: default]
2022-11-03 11:50:14.456  INFO 25456 --- [main] org.hibernate.Version                    : HHH000412: Hibernate ORM core version 5.6.11.Final
2022-11-03 11:50:14.582  INFO 25456 --- [main] o.hibernate.annotations.common.Version   : HCANN000001: Hibernate Commons Annotations {5.1.2.Final}
2022-11-03 11:50:14.672  INFO 25456 --- [main] org.hibernate.dialect.Dialect            : HHH000400: Using dialect: org.hibernate.dialect.FirebirdDialect
2022-11-03 11:50:15.097  INFO 25456 --- [main] o.h.e.t.j.p.i.JtaPlatformInitiator       : HHH000490: Using JtaPlatform implementation: [org.hibernate.engine.transaction.jta.platform.internal.NoJtaPlatform]
2022-11-03 11:50:15.113  INFO 25456 --- [main] j.LocalContainerEntityManagerFactoryBean : Initialized JPA EntityManagerFactory for persistence unit 'default'
2022-11-03 11:50:15.384  INFO 25456 --- [main] .V.ValidationGrzModuleV3ApplicationTests : Started ValidationGrzModuleV3ApplicationTests in 3.278 seconds (JVM running for 3.926)
2022-11-03 11:50:15.429  INFO 25456 --- [main] r.a.V.mqtt.BaseMqttClient                : Попытка подключения клиента. ID = ValidationGRZ URL = 194.87.237.67:1883
2022-11-03 11:50:15.911  INFO 25456 --- [main] r.a.V.mqtt.BaseMqttClient                : Успешное поключение клиента - ValidationGRZ
2022-11-03 11:50:15.911  INFO 25456 --- [main] r.a.V.mqtt.BaseMqttClient                : Попытка подписки на топик. ТОПИК: Parking/IntegratorCVS
2022-11-03 11:50:16.033  INFO 25456 --- [main] r.a.V.mqtt.BaseMqttClient                : Подписка на топик Parking/IntegratorCVS произошла успешно.
2022-11-03 11:50:16.177  INFO 25456 --- [SpringApplicationShutdownHook] j.LocalContainerEntityManagerFactoryBean : Closing JPA EntityManagerFactory for persistence unit 'default'
2022-11-03 11:50:16.177  INFO 25456 --- [SpringApplicationShutdownHook] com.zaxxer.hikari.HikariDataSource       : HikariPool-1 - Shutdown initiated...
2022-11-03 11:50:16.296  INFO 25456 --- [SpringApplicationShutdownHook] com.zaxxer.hikari.HikariDataSource       : HikariPool-1 - Shutdown completed.
2022-11-03 12:19:56.922  INFO 10000 --- [main] .V.ValidationGrzModuleV3ApplicationTests : Starting ValidationGrzModuleV3ApplicationTests using Java 17.0.5 on DESKTOP-G2NTFAQ with PID 10000 (started by Sergey in C:\Users\Sergey\Desktop\JAVA\ValidationGRZ)
2022-11-03 12:19:56.924  INFO 10000 --- [main] .V.ValidationGrzModuleV3ApplicationTests : No active profile set, falling back to 1 default profile: "default"
2022-11-03 12:19:57.268  INFO 10000 --- [main] .s.d.r.c.RepositoryConfigurationDelegate : Bootstrapping Spring Data JPA repositories in DEFAULT mode.
2022-11-03 12:19:57.285  INFO 10000 --- [main] .s.d.r.c.RepositoryConfigurationDelegate : Finished Spring Data repository scanning in 8 ms. Found 0 JPA repository interfaces.
2022-11-03 12:19:57.665  INFO 10000 --- [main] com.zaxxer.hikari.HikariDataSource       : HikariPool-1 - Starting...
2022-11-03 12:19:58.890  INFO 10000 --- [main] com.zaxxer.hikari.HikariDataSource       : HikariPool-1 - Start completed.
2022-11-03 12:19:58.956  INFO 10000 --- [main] o.hibernate.jpa.internal.util.LogHelper  : HHH000204: Processing PersistenceUnitInfo [name: default]
2022-11-03 12:19:59.019  INFO 10000 --- [main] org.hibernate.Version                    : HHH000412: Hibernate ORM core version 5.6.11.Final
2022-11-03 12:19:59.144  INFO 10000 --- [main] o.hibernate.annotations.common.Version   : HCANN000001: Hibernate Commons Annotations {5.1.2.Final}
2022-11-03 12:19:59.263  INFO 10000 --- [main] org.hibernate.dialect.Dialect            : HHH000400: Using dialect: org.hibernate.dialect.FirebirdDialect
2022-11-03 12:19:59.733  INFO 10000 --- [main] o.h.e.t.j.p.i.JtaPlatformInitiator       : HHH000490: Using JtaPlatform implementation: [org.hibernate.engine.transaction.jta.platform.internal.NoJtaPlatform]
2022-11-03 12:19:59.740  INFO 10000 --- [main] j.LocalContainerEntityManagerFactoryBean : Initialized JPA EntityManagerFactory for persistence unit 'default'
2022-11-03 12:20:00.016  INFO 10000 --- [main] .V.ValidationGrzModuleV3ApplicationTests : Started ValidationGrzModuleV3ApplicationTests in 3.355 seconds (JVM running for 4.026)
2022-11-03 12:20:00.018  INFO 10000 --- [main] r.a.V.mqtt.BaseMqttClient                : Файл ValidatedConfig.json успешно создан по пути: ValidatedConfig.json
2022-11-03 12:20:00.068  INFO 10000 --- [main] r.a.V.mqtt.BaseMqttClient                : Попытка подключения клиента. ID = null URL = null:0
2022-11-03 12:20:02.791 ERROR 10000 --- [main] r.a.V.mqtt.BaseMqttClient                : Ошибка: MqttException
2022-11-03 12:20:02.791  INFO 10000 --- [main] r.a.V.mqtt.BaseMqttClient                : Попытка подписки на топик. ТОПИК: Parking/IntegratorCVS
2022-11-03 12:20:02.792 ERROR 10000 --- [main] r.a.V.mqtt.BaseMqttClient                : Ошибка: Клиент не подключен
2022-11-03 12:20:02.936  INFO 10000 --- [SpringApplicationShutdownHook] j.LocalContainerEntityManagerFactoryBean : Closing JPA EntityManagerFactory for persistence unit 'default'
2022-11-03 12:20:02.937  INFO 10000 --- [SpringApplicationShutdownHook] com.zaxxer.hikari.HikariDataSource       : HikariPool-1 - Shutdown initiated...
2022-11-03 12:20:03.065  INFO 10000 --- [SpringApplicationShutdownHook] com.zaxxer.hikari.HikariDataSource       : HikariPool-1 - Shutdown completed.
2022-11-03 14:56:12.791  INFO 13492 --- [main] .V.ValidationGrzModuleV3ApplicationTests : Starting ValidationGrzModuleV3ApplicationTests using Java 17.0.5 on DESKTOP-G2NTFAQ with PID 13492 (started by Sergey in C:\Users\Sergey\Desktop\JAVA\ValidationGRZ)
2022-11-03 14:56:12.791  INFO 13492 --- [main] .V.ValidationGrzModuleV3ApplicationTests : No active profile set, falling back to 1 default profile: "default"
2022-11-03 14:56:13.164  INFO 13492 --- [main] .s.d.r.c.RepositoryConfigurationDelegate : Bootstrapping Spring Data JPA repositories in DEFAULT mode.
2022-11-03 14:56:13.175  INFO 13492 --- [main] .s.d.r.c.RepositoryConfigurationDelegate : Finished Spring Data repository scanning in 6 ms. Found 0 JPA repository interfaces.
2022-11-03 14:56:13.541  INFO 13492 --- [main] com.zaxxer.hikari.HikariDataSource       : HikariPool-1 - Starting...
2022-11-03 14:56:14.743  INFO 13492 --- [main] com.zaxxer.hikari.HikariDataSource       : HikariPool-1 - Start completed.
2022-11-03 14:56:14.799  INFO 13492 --- [main] o.hibernate.jpa.internal.util.LogHelper  : HHH000204: Processing PersistenceUnitInfo [name: default]
2022-11-03 14:56:14.839  INFO 13492 --- [main] org.hibernate.Version                    : HHH000412: Hibernate ORM core version 5.6.11.Final
2022-11-03 14:56:14.967  INFO 13492 --- [main] o.hibernate.annotations.common.Version   : HCANN000001: Hibernate Commons Annotations {5.1.2.Final}
2022-11-03 14:56:15.052  INFO 13492 --- [main] org.hibernate.dialect.Dialect            : HHH000400: Using dialect: org.hibernate.dialect.FirebirdDialect
2022-11-03 14:56:15.489  INFO 13492 --- [main] o.h.e.t.j.p.i.JtaPlatformInitiator       : HHH000490: Using JtaPlatform implementation: [org.hibernate.engine.transaction.jta.platform.internal.NoJtaPlatform]
2022-11-03 14:56:15.500  INFO 13492 --- [main] j.LocalContainerEntityManagerFactoryBean : Initialized JPA EntityManagerFactory for persistence unit 'default'
2022-11-03 14:56:15.771  INFO 13492 --- [main] .V.ValidationGrzModuleV3ApplicationTests : Started ValidationGrzModuleV3ApplicationTests in 3.283 seconds (JVM running for 3.933)
2022-11-03 14:56:15.820  INFO 13492 --- [main] r.a.V.mqtt.BaseMqttClient                : Попытка подключения клиента. ID = null URL = null:0
2022-11-03 14:56:18.540 ERROR 13492 --- [main] r.a.V.mqtt.BaseMqttClient                : Ошибка: MqttException
2022-11-03 14:56:18.540  INFO 13492 --- [main] r.a.V.mqtt.BaseMqttClient                : Попытка подписки на топик. ТОПИК: Parking/IntegratorCVS
2022-11-03 14:56:18.540 ERROR 13492 --- [main] r.a.V.mqtt.BaseMqttClient                : Ошибка: Клиент не подключен
2022-11-03 14:56:18.695  INFO 13492 --- [SpringApplicationShutdownHook] j.LocalContainerEntityManagerFactoryBean : Closing JPA EntityManagerFactory for persistence unit 'default'
2022-11-03 14:56:18.695  INFO 13492 --- [SpringApplicationShutdownHook] com.zaxxer.hikari.HikariDataSource       : HikariPool-1 - Shutdown initiated...
2022-11-03 14:56:18.776  INFO 13492 --- [SpringApplicationShutdownHook] com.zaxxer.hikari.HikariDataSource       : HikariPool-1 - Shutdown completed.
